RUN	RecordedSimulation		recordedsimulation	1494409914764	null	2.0
USER	RecordedSimulation	1	START	1494409916691	1494409916691
REQUEST	RecordedSimulation	1		Page 0	1494409916810	1494409916859	OK	 
REQUEST	RecordedSimulation	1		Page 0 Redirect 1	1494409916900	1494409916919	OK	 
REQUEST	RecordedSimulation	1		Page 1	1494409918950	1494409918970	OK	 
REQUEST	RecordedSimulation	1		Page 2	1494409919959	1494409919976	OK	 
REQUEST	RecordedSimulation	1		Page 3	1494409920989	1494409921008	OK	 
REQUEST	RecordedSimulation	1		Page 0	1494409921999	1494409922016	OK	 
REQUEST	RecordedSimulation	1		Page 0 Redirect 1	1494409922018	1494409922035	OK	 
REQUEST	RecordedSimulation	1		Page 1	1494409924030	1494409924047	OK	 
REQUEST	RecordedSimulation	1		Page 2	1494409925059	1494409925077	OK	 
REQUEST	RecordedSimulation	1		Page 3	1494409926070	1494409926087	OK	 
REQUEST	RecordedSimulation	1		Page 0	1494409927089	1494409927107	OK	 
REQUEST	RecordedSimulation	1		Page 0 Redirect 1	1494409927107	1494409927124	OK	 
REQUEST	RecordedSimulation	1		Page 1	1494409929120	1494409929137	OK	 
REQUEST	RecordedSimulation	1		Page 2	1494409930139	1494409930157	OK	 
REQUEST	RecordedSimulation	1		Page 3	1494409931160	1494409931180	OK	 
REQUEST	RecordedSimulation	1		Page 0	1494409932220	1494409932237	OK	 
REQUEST	RecordedSimulation	1		Page 0 Redirect 1	1494409932238	1494409932262	OK	 
REQUEST	RecordedSimulation	1		Page 1	1494409934259	1494409934277	OK	 
REQUEST	RecordedSimulation	1		Page 2	1494409935269	1494409935286	OK	 
REQUEST	RecordedSimulation	1		Page 3	1494409936289	1494409936306	OK	 
REQUEST	RecordedSimulation	1		Page 0	1494409937349	1494409937366	OK	 
REQUEST	RecordedSimulation	1		Page 0 Redirect 1	1494409937367	1494409937384	OK	 
REQUEST	RecordedSimulation	1		Page 1	1494409939379	1494409939396	OK	 
REQUEST	RecordedSimulation	1		Page 2	1494409940390	1494409940407	OK	 
REQUEST	RecordedSimulation	1		Page 3	1494409941419	1494409941436	OK	 
REQUEST	RecordedSimulation	1		Page 0	1494409942459	1494409942476	OK	 
REQUEST	RecordedSimulation	1		Page 0 Redirect 1	1494409942477	1494409942493	OK	 
REQUEST	RecordedSimulation	1		Page 1	1494409944499	1494409944516	OK	 
REQUEST	RecordedSimulation	1		Page 2	1494409945510	1494409945526	OK	 
REQUEST	RecordedSimulation	1		Page 3	1494409946539	1494409946556	OK	 
REQUEST	RecordedSimulation	1		Page 0	1494409947569	1494409947586	OK	 
REQUEST	RecordedSimulation	1		Page 0 Redirect 1	1494409947588	1494409947604	OK	 
REQUEST	RecordedSimulation	1		Page 1	1494409949610	1494409949627	OK	 
REQUEST	RecordedSimulation	1		Page 2	1494409950629	1494409950646	OK	 
REQUEST	RecordedSimulation	1		Page 3	1494409951650	1494409951668	OK	 
REQUEST	RecordedSimulation	1		Page 0	1494409952699	1494409952716	OK	 
REQUEST	RecordedSimulation	1		Page 0 Redirect 1	1494409952717	1494409952734	OK	 
REQUEST	RecordedSimulation	1		Page 1	1494409954729	1494409954746	OK	 
REQUEST	RecordedSimulation	1		Page 2	1494409955750	1494409955767	OK	 
REQUEST	RecordedSimulation	1		Page 3	1494409956779	1494409956797	OK	 
REQUEST	RecordedSimulation	1		Page 0	1494409957829	1494409957845	OK	 
REQUEST	RecordedSimulation	1		Page 0 Redirect 1	1494409957846	1494409957863	OK	 
REQUEST	RecordedSimulation	1		Page 1	1494409959849	1494409959866	OK	 
REQUEST	RecordedSimulation	1		Page 2	1494409960869	1494409960886	OK	 
REQUEST	RecordedSimulation	1		Page 3	1494409961889	1494409961906	OK	 
REQUEST	RecordedSimulation	1		Page 0	1494409962929	1494409962945	OK	 
REQUEST	RecordedSimulation	1		Page 0 Redirect 1	1494409962947	1494409962963	OK	 
REQUEST	RecordedSimulation	1		Page 1	1494409964969	1494409964986	OK	 
REQUEST	RecordedSimulation	1		Page 2	1494409965990	1494409966006	OK	 
REQUEST	RecordedSimulation	1		Page 3	1494409966999	1494409967016	OK	 
REQUEST	RecordedSimulation	1		Page 0	1494409968049	1494409968065	OK	 
REQUEST	RecordedSimulation	1		Page 0 Redirect 1	1494409968065	1494409968086	OK	 
REQUEST	RecordedSimulation	1		Page 1	1494409970089	1494409970105	OK	 
REQUEST	RecordedSimulation	1		Page 2	1494409971109	1494409971126	OK	 
REQUEST	RecordedSimulation	1		Page 3	1494409972119	1494409972136	OK	 
REQUEST	RecordedSimulation	1		Page 0	1494409973179	1494409973195	OK	 
REQUEST	RecordedSimulation	1		Page 0 Redirect 1	1494409973196	1494409973212	OK	 
REQUEST	RecordedSimulation	1		Page 1	1494409975209	1494409975228	OK	 
REQUEST	RecordedSimulation	1		Page 2	1494409976229	1494409976245	OK	 
USER	RecordedSimulation	1	END	1494409916691	1494409977248
