ASSERTION	AAMBAAIFAAAAAAAAAAAA
ASSERTION	AAMEAAEEAAAAAAAAAElABgAAAAAAAAA0QA==
RUN	gatling.GlobalSimulation		globalsimulation	1494427893688	null	2.0
USER	Users	1	START	1494427895205	1494427895205
USER	Admins	2	START	1494427895263	1494427895263
USER	Admins	3	START	1494427895270	1494427895270
REQUEST	Users	1	search	request_0	1494427895334	1494427895393	OK	 
REQUEST	Admins	2	search	request_0	1494427895348	1494427895395	OK	 
REQUEST	Admins	3	search	request_0	1494427895349	1494427895396	OK	 
REQUEST	Users	1	search	search	1494427896423	1494427896448	OK	 
REQUEST	Admins	2	search	search	1494427896434	1494427896452	OK	 
REQUEST	Admins	3	search	search	1494427896423	1494427896447	OK	 
REQUEST	Users	1	search	select	1494427897443	1494427897461	OK	 
REQUEST	Admins	3	search	select	1494427897462	1494427897479	OK	 
REQUEST	Admins	2	search	select	1494427897465	1494427897483	OK	 
GROUP	Users	1	search	1494427895216	1494427898462	102	OK
GROUP	Admins	3	search	1494427895270	1494427898471	88	OK
GROUP	Admins	2	search	1494427895263	1494427898481	83	OK
REQUEST	Admins	3		Page 0	1494427898479	1494427898497	OK	 
REQUEST	Users	1		Page 0	1494427898480	1494427898497	OK	 
REQUEST	Admins	2		Page 0	1494427898483	1494427898500	OK	 
REQUEST	Admins	2		Page 1	1494427899502	1494427899521	OK	 
REQUEST	Users	1		Page 1	1494427899523	1494427899540	OK	 
REQUEST	Admins	3		Page 1	1494427899523	1494427899540	OK	 
USER	Users	4	START	1494427900162	1494427900162
REQUEST	Users	4	search	request_0	1494427900163	1494427900230	OK	 
REQUEST	Admins	2		Page 2	1494427900542	1494427900562	OK	 
REQUEST	Users	1		Page 2	1494427900553	1494427900569	OK	 
REQUEST	Admins	3		Page 2	1494427900553	1494427900570	OK	 
REQUEST	Users	4	search	search	1494427901251	1494427901271	OK	 
REQUEST	Admins	3		Page 3	1494427901562	1494427901578	OK	 
REQUEST	Admins	2		Page 3	1494427901572	1494427901589	OK	 
REQUEST	Users	1		Page 3	1494427901592	1494427901609	OK	 
REQUEST	Users	4	search	select	1494427902271	1494427902289	OK	 
REQUEST	Admins	3		Page 4	1494427902582	1494427902598	OK	 
REQUEST	Admins	2		Page 4	1494427902611	1494427902629	OK	 
REQUEST	Users	1		Page 4	1494427902632	1494427902648	OK	 
GROUP	Users	4	search	1494427900162	1494427903281	105	OK
REQUEST	Users	4		Page 0	1494427903282	1494427903301	OK	 
REQUEST	Admins	3		Page 1	1494427903593	1494427903609	OK	 
REQUEST	Admins	2		Page 1	1494427903632	1494427903649	OK	 
REQUEST	Users	1		Page 1	1494427903652	1494427903668	OK	 
REQUEST	Users	4		Page 1	1494427904312	1494427904331	OK	 
REQUEST	Admins	3		Page 2	1494427904611	1494427904628	OK	 
REQUEST	Admins	2		Page 2	1494427904652	1494427904669	OK	 
REQUEST	Users	1		Page 2	1494427904672	1494427904689	OK	 
REQUEST	Users	4		Page 2	1494427905362	1494427905380	OK	 
REQUEST	Admins	3		Page 3	1494427905632	1494427905648	OK	 
REQUEST	Admins	2		Page 3	1494427905671	1494427905689	OK	 
REQUEST	Users	1		Page 3	1494427905691	1494427905707	OK	 
REQUEST	Users	4		Page 3	1494427906372	1494427906390	OK	 
REQUEST	Admins	3	edit	Form	1494427906642	1494427906658	OK	 
REQUEST	Admins	2	edit	Form	1494427906682	1494427906699	OK	 
USER	Users	1	END	1494427895205	1494427906707
REQUEST	Users	4		Page 4	1494427907392	1494427907411	OK	 
REQUEST	Admins	2	edit	Post	1494427907701	1494427907719	KO	status.find.is(201), but actually found 400
REQUEST	Admins	3	edit	Post	1494427907677	1494427907705	KO	status.find.is(200), but actually found 400
REQUEST	Admins	2	edit	Post	1494427907735	1494427907752	KO	status.find.is(200), but actually found 400
REQUEST	Admins	3	edit	Post	1494427907732	1494427907754	KO	status.find.is(200), but actually found 400
REQUEST	Admins	3	edit	Post	1494427907781	1494427907799	KO	status.find.is(200), but actually found 400
REQUEST	Admins	2	edit	Post	1494427907782	1494427907800	KO	status.find.is(201), but actually found 400
GROUP	Admins	2	edit	1494427906682	1494427907801	70	KO
USER	Admins	2	END	1494427895263	1494427907801
GROUP	Admins	3	edit	1494427906641	1494427907802	84	KO
USER	Admins	3	END	1494427895270	1494427907802
REQUEST	Users	4		Page 1	1494427908422	1494427908441	OK	 
REQUEST	Users	4		Page 2	1494427909441	1494427909461	OK	 
REQUEST	Users	4		Page 3	1494427910462	1494427910480	OK	 
USER	Users	4	END	1494427900162	1494427911471
