RUN	RecordedSimulation		recordedsimulation	1494409725151	null	2.0
USER	RecordedSimulation	1	START	1494409727168	1494409727168
REQUEST	RecordedSimulation	1		Page 0	1494409727286	1494409727353	OK	 
REQUEST	RecordedSimulation	1		Page 0 Redirect 1	1494409727419	1494409727442	OK	 
REQUEST	RecordedSimulation	1		Page 1	1494409729478	1494409729499	OK	 
REQUEST	RecordedSimulation	1		Page 2	1494409730488	1494409730507	KO	status.find.in(200,304,201,202,203,204,205,206,207,208,209), but actually found 404
REQUEST	RecordedSimulation	1		Page 3	1494409731508	1494409731532	KO	status.find.in(200,304,201,202,203,204,205,206,207,208,209), but actually found 404
REQUEST	RecordedSimulation	1		Page 0	1494409732527	1494409732546	OK	 
REQUEST	RecordedSimulation	1		Page 0 Redirect 1	1494409732552	1494409732571	OK	 
REQUEST	RecordedSimulation	1		Page 1	1494409734578	1494409734597	OK	 
REQUEST	RecordedSimulation	1		Page 2	1494409735597	1494409735616	KO	status.find.in(200,304,201,202,203,204,205,206,207,208,209), but actually found 404
REQUEST	RecordedSimulation	1		Page 3	1494409736617	1494409736636	KO	status.find.in(200,304,201,202,203,204,205,206,207,208,209), but actually found 404
REQUEST	RecordedSimulation	1		Page 0	1494409737657	1494409737676	OK	 
REQUEST	RecordedSimulation	1		Page 0 Redirect 1	1494409737677	1494409737696	OK	 
REQUEST	RecordedSimulation	1		Page 1	1494409739707	1494409739727	OK	 
REQUEST	RecordedSimulation	1		Page 2	1494409740728	1494409740746	KO	status.find.in(200,304,201,202,203,204,205,206,207,208,209), but actually found 404
REQUEST	RecordedSimulation	1		Page 3	1494409741747	1494409741769	KO	status.find.in(200,304,201,202,203,204,205,206,207,208,209), but actually found 404
REQUEST	RecordedSimulation	1		Page 0	1494409742797	1494409742816	OK	 
REQUEST	RecordedSimulation	1		Page 0 Redirect 1	1494409742817	1494409742837	OK	 
REQUEST	RecordedSimulation	1		Page 1	1494409744837	1494409744856	OK	 
REQUEST	RecordedSimulation	1		Page 2	1494409745858	1494409745876	KO	status.find.in(200,304,201,202,203,204,205,206,207,208,209), but actually found 404
REQUEST	RecordedSimulation	1		Page 3	1494409746877	1494409746895	KO	status.find.in(200,304,201,202,203,204,205,206,207,208,209), but actually found 404
REQUEST	RecordedSimulation	1		Page 0	1494409747927	1494409747945	OK	 
REQUEST	RecordedSimulation	1		Page 0 Redirect 1	1494409747946	1494409747966	OK	 
REQUEST	RecordedSimulation	1		Page 1	1494409749968	1494409749987	OK	 
REQUEST	RecordedSimulation	1		Page 2	1494409750988	1494409751006	KO	status.find.in(200,304,201,202,203,204,205,206,207,208,209), but actually found 404
REQUEST	RecordedSimulation	1		Page 3	1494409752008	1494409752025	KO	status.find.in(200,304,201,202,203,204,205,206,207,208,209), but actually found 404
REQUEST	RecordedSimulation	1		Page 0	1494409753058	1494409753078	OK	 
REQUEST	RecordedSimulation	1		Page 0 Redirect 1	1494409753080	1494409753098	OK	 
REQUEST	RecordedSimulation	1		Page 1	1494409755098	1494409755116	OK	 
REQUEST	RecordedSimulation	1		Page 2	1494409756118	1494409756136	KO	status.find.in(200,304,201,202,203,204,205,206,207,208,209), but actually found 404
REQUEST	RecordedSimulation	1		Page 3	1494409757137	1494409757155	KO	status.find.in(200,304,201,202,203,204,205,206,207,208,209), but actually found 404
USER	RecordedSimulation	1	END	1494409727168	1494409758158
