RUN	gatling.GlobalSimulation		globalsimulation	1494425933595	null	2.0
USER	Users	1	START	1494425935041	1494425935041
USER	Users	2	START	1494425935090	1494425935090
USER	Users	3	START	1494425935097	1494425935097
USER	Users	4	START	1494425935097	1494425935097
USER	Users	5	START	1494425935098	1494425935098
USER	Users	6	START	1494425935098	1494425935098
USER	Users	7	START	1494425935098	1494425935098
USER	Users	8	START	1494425935098	1494425935098
USER	Users	9	START	1494425935098	1494425935098
USER	Users	10	START	1494425935098	1494425935098
USER	Admins	11	START	1494425935099	1494425935099
USER	Admins	12	START	1494425935099	1494425935099
REQUEST	Users	1		request_0	1494425935197	1494425935310	OK	 
REQUEST	Users	2		request_0	1494425935217	1494425935328	OK	 
REQUEST	Users	3		request_0	1494425935220	1494425935313	OK	 
REQUEST	Users	4		request_0	1494425935229	1494425935298	OK	 
REQUEST	Users	5		request_0	1494425935230	1494425935445	OK	 
REQUEST	Users	6		request_0	1494425935231	1494425935446	OK	 
REQUEST	Users	10		request_0	1494425935235	1494425935448	OK	 
REQUEST	Users	8		request_0	1494425935234	1494425935447	OK	 
REQUEST	Admins	12		request_0	1494425935237	1494425935451	OK	 
REQUEST	Users	9		request_0	1494425935234	1494425935451	OK	 
REQUEST	Users	7		request_0	1494425935231	1494425935466	OK	 
REQUEST	Admins	11		request_0	1494425935236	1494425935467	OK	 
REQUEST	Users	4		search	1494425936341	1494425936362	OK	 
REQUEST	Users	1		search	1494425936369	1494425936388	OK	 
REQUEST	Users	3		search	1494425936344	1494425936362	OK	 
REQUEST	Users	2		search	1494425936366	1494425936394	OK	 
REQUEST	Users	7		search	1494425936497	1494425936639	OK	 
REQUEST	Users	10		search	1494425936465	1494425936645	OK	 
REQUEST	Users	6		search	1494425936481	1494425936658	OK	 
REQUEST	Users	5		search	1494425936464	1494425936644	OK	 
REQUEST	Users	8		search	1494425936466	1494425936644	OK	 
REQUEST	Users	9		search	1494425936469	1494425936664	OK	 
REQUEST	Admins	11		search	1494425936498	1494425936653	OK	 
REQUEST	Admins	12		search	1494425936468	1494425936665	OK	 
REQUEST	Users	1		select	1494425937355	1494425937371	OK	 
REQUEST	Users	4		select	1494425937355	1494425937376	OK	 
REQUEST	Users	3		select	1494425937361	1494425937378	OK	 
REQUEST	Users	2		select	1494425937384	1494425937401	OK	 
REQUEST	Users	7		select	1494425937624	1494425937642	OK	 
REQUEST	Admins	11		select	1494425937645	1494425937665	OK	 
REQUEST	Users	6		select	1494425937644	1494425937666	OK	 
REQUEST	Users	5		select	1494425937645	1494425937667	OK	 
REQUEST	Users	8		select	1494425937656	1494425937671	OK	 
REQUEST	Users	10		select	1494425937654	1494425937673	OK	 
REQUEST	Admins	12		select	1494425937663	1494425937683	OK	 
REQUEST	Users	9		select	1494425937674	1494425937691	OK	 
