RUN	gatling.EditSimulation		editsimulation	1494423743696	null	2.0
USER	EditSimulation	1	START	1494423745673	1494423745673
USER	EditSimulation	2	START	1494423745756	1494423745756
USER	EditSimulation	3	START	1494423745762	1494423745762
USER	EditSimulation	4	START	1494423745772	1494423745772
USER	EditSimulation	5	START	1494423745777	1494423745777
USER	EditSimulation	6	START	1494423745779	1494423745779
USER	EditSimulation	7	START	1494423745784	1494423745784
USER	EditSimulation	8	START	1494423745785	1494423745785
USER	EditSimulation	9	START	1494423745790	1494423745790
USER	EditSimulation	10	START	1494423745794	1494423745794
REQUEST	EditSimulation	1		Form	1494423745738	1494423745787	OK	 
REQUEST	EditSimulation	2		Form	1494423745757	1494423745792	OK	 
REQUEST	EditSimulation	4		Form	1494423745773	1494423745812	OK	 
REQUEST	EditSimulation	3		Form	1494423745762	1494423745808	OK	 
REQUEST	EditSimulation	7		Form	1494423745784	1494423745902	OK	 
REQUEST	EditSimulation	8		Form	1494423745786	1494423745910	OK	 
REQUEST	EditSimulation	5		Form	1494423745778	1494423745925	OK	 
REQUEST	EditSimulation	6		Form	1494423745780	1494423745925	OK	 
REQUEST	EditSimulation	9		Form	1494423745790	1494423745936	OK	 
REQUEST	EditSimulation	10		Form	1494423745794	1494423745939	OK	 
REQUEST	EditSimulation	4		Post	1494423746841	1494423746875	KO	status.find.is(201), but actually found 400
REQUEST	EditSimulation	1		Post	1494423746840	1494423746875	KO	status.find.is(201), but actually found 400
REQUEST	EditSimulation	3		Post	1494423746841	1494423746876	KO	status.find.is(201), but actually found 400
REQUEST	EditSimulation	2		Post	1494423746839	1494423746868	KO	status.find.is(201), but actually found 400
REQUEST	EditSimulation	7		Post	1494423746920	1494423746938	KO	status.find.is(201), but actually found 400
REQUEST	EditSimulation	8		Post	1494423746931	1494423746950	KO	status.find.is(201), but actually found 400
REQUEST	EditSimulation	6		Post	1494423746941	1494423746963	KO	status.find.is(201), but actually found 400
REQUEST	EditSimulation	5		Post	1494423746941	1494423746967	KO	status.find.is(201), but actually found 400
REQUEST	EditSimulation	10		Post	1494423746950	1494423746983	KO	status.find.is(201), but actually found 400
REQUEST	EditSimulation	9		Post	1494423746952	1494423746983	KO	status.find.is(201), but actually found 400
USER	EditSimulation	4	END	1494423745772	1494423747878
USER	EditSimulation	2	END	1494423745756	1494423747882
USER	EditSimulation	3	END	1494423745762	1494423747882
USER	EditSimulation	1	END	1494423745673	1494423747883
USER	EditSimulation	7	END	1494423745784	1494423747930
USER	EditSimulation	8	END	1494423745785	1494423747951
USER	EditSimulation	6	END	1494423745779	1494423747970
USER	EditSimulation	5	END	1494423745777	1494423747971
USER	EditSimulation	10	END	1494423745794	1494423747990
USER	EditSimulation	9	END	1494423745790	1494423747990
