ASSERTION	AAMBAAIFAAAAAAAAAAAA
ASSERTION	AAMEAAEEAAAAAAAAAElABgAAAAAAAAA0QA==
RUN	gatling.GlobalSimulation		globalsimulation	1494427787254	null	2.0
USER	Users	1	START	1494427788995	1494427788995
USER	Admins	2	START	1494427789049	1494427789049
USER	Admins	3	START	1494427789049	1494427789049
REQUEST	Users	1	edit	request_0	1494427789103	1494427789156	OK	 
REQUEST	Admins	2	edit	request_0	1494427789124	1494427789163	OK	 
REQUEST	Admins	3	edit	request_0	1494427789126	1494427789163	OK	 
REQUEST	Admins	2	edit	search	1494427790196	1494427790221	OK	 
REQUEST	Admins	3	edit	search	1494427790196	1494427790222	OK	 
REQUEST	Users	1	edit	search	1494427790197	1494427790219	OK	 
REQUEST	Users	1	edit	select	1494427791217	1494427791235	OK	 
REQUEST	Admins	3	edit	select	1494427791221	1494427791241	OK	 
REQUEST	Admins	2	edit	select	1494427791225	1494427791248	OK	 
GROUP	Users	1	edit	1494427789018	1494427792233	93	OK
GROUP	Admins	2	edit	1494427789049	1494427792243	87	OK
GROUP	Admins	3	edit	1494427789049	1494427792243	83	OK
REQUEST	Admins	2		Page 0	1494427792255	1494427792275	OK	 
REQUEST	Admins	3		Page 0	1494427792258	1494427792277	OK	 
REQUEST	Users	1		Page 0	1494427792265	1494427792284	OK	 
REQUEST	Admins	2		Page 1	1494427793284	1494427793302	OK	 
REQUEST	Admins	3		Page 1	1494427793275	1494427793299	OK	 
REQUEST	Users	1		Page 1	1494427793284	1494427793301	OK	 
USER	Users	4	START	1494427793983	1494427793983
REQUEST	Users	4	edit	request_0	1494427793984	1494427794017	OK	 
REQUEST	Admins	3		Page 2	1494427794326	1494427794342	OK	 
REQUEST	Admins	2		Page 2	1494427794325	1494427794345	OK	 
REQUEST	Users	1		Page 2	1494427794334	1494427794351	OK	 
REQUEST	Users	4	edit	search	1494427795034	1494427795051	OK	 
REQUEST	Admins	3		Page 3	1494427795354	1494427795372	OK	 
REQUEST	Admins	2		Page 3	1494427795354	1494427795372	OK	 
REQUEST	Users	1		Page 3	1494427795374	1494427795390	OK	 
REQUEST	Users	4	edit	select	1494427796064	1494427796080	OK	 
REQUEST	Admins	2		Page 4	1494427796374	1494427796391	OK	 
REQUEST	Admins	3		Page 4	1494427796376	1494427796393	OK	 
REQUEST	Users	1		Page 4	1494427796394	1494427796410	OK	 
GROUP	Users	4	edit	1494427793983	1494427797074	66	OK
REQUEST	Users	4		Page 0	1494427797075	1494427797091	OK	 
REQUEST	Admins	3		Page 1	1494427797385	1494427797402	OK	 
REQUEST	Admins	2		Page 1	1494427797394	1494427797410	OK	 
REQUEST	Users	1		Page 1	1494427797414	1494427797430	OK	 
REQUEST	Users	4		Page 1	1494427798114	1494427798131	OK	 
REQUEST	Admins	3		Page 2	1494427798404	1494427798421	OK	 
REQUEST	Admins	2		Page 2	1494427798404	1494427798422	OK	 
REQUEST	Users	1		Page 2	1494427798424	1494427798439	OK	 
REQUEST	Users	4		Page 2	1494427799164	1494427799181	OK	 
REQUEST	Admins	3		Page 3	1494427799414	1494427799431	OK	 
REQUEST	Admins	2		Page 3	1494427799424	1494427799441	OK	 
REQUEST	Users	1		Page 3	1494427799444	1494427799460	OK	 
REQUEST	Users	4		Page 3	1494427800214	1494427800231	OK	 
REQUEST	Admins	3	edit	Form	1494427800434	1494427800451	OK	 
REQUEST	Admins	2	edit	Form	1494427800434	1494427800451	OK	 
USER	Users	1	END	1494427788995	1494427800459
REQUEST	Users	4		Page 4	1494427801234	1494427801250	OK	 
REQUEST	Admins	2	edit	Post	1494427801466	1494427801490	KO	status.find.is(200), but actually found 400
REQUEST	Admins	3	edit	Post	1494427801467	1494427801491	KO	status.find.is(200), but actually found 400
REQUEST	Admins	3	edit	Post	1494427801529	1494427801549	KO	status.find.is(201), but actually found 400
REQUEST	Admins	2	edit	Post	1494427801528	1494427801548	KO	status.find.is(200), but actually found 400
REQUEST	Admins	3	edit	Post	1494427801574	1494427801591	KO	status.find.is(200), but actually found 400
GROUP	Admins	3	edit	1494427800434	1494427801593	78	KO
USER	Admins	3	END	1494427789049	1494427801594
REQUEST	Admins	2	edit	Post	1494427801583	1494427801600	KO	status.find.is(201), but actually found 400
GROUP	Admins	2	edit	1494427800434	1494427801601	78	KO
USER	Admins	2	END	1494427789049	1494427801602
REQUEST	Users	4		Page 1	1494427802244	1494427802260	OK	 
REQUEST	Users	4		Page 2	1494427803264	1494427803280	OK	 
REQUEST	Users	4		Page 3	1494427804284	1494427804301	OK	 
USER	Users	4	END	1494427793983	1494427805303
