ASSERTION	AAMBAAIFAAAAAAAAAAAA
ASSERTION	AAMEAAEEAAAAAAAAAElABgAAAAAAAAA0QA==
RUN	gatling.GlobalSimulation	2	globalsimulation	1494442671642	 	2.0
USER	Users	1	START	1494442679298	1494442679298
USER	Admins	2	START	1494442679400	1494442679400
USER	Admins	3	START	1494442679400	1494442679400
REQUEST	Users	1	search	request_0	1494442679676	1494442679866	OK	 
REQUEST	Admins	3	search	request_0	1494442679722	1494442679866	OK	 
REQUEST	Admins	2	search	request_0	1494442679720	1494442679886	OK	 
REQUEST	Users	1	search	search	1494442680927	1494442680958	OK	 
REQUEST	Admins	3	search	search	1494442680926	1494442680958	OK	 
REQUEST	Admins	2	search	search	1494442680930	1494442680964	OK	 
REQUEST	Users	1	search	select	1494442681942	1494442681978	OK	 
REQUEST	Admins	2	search	select	1494442681949	1494442681982	OK	 
REQUEST	Admins	3	search	select	1494442681961	1494442682004	OK	 
GROUP	Users	1	search	1494442679339	1494442682969	257	OK
GROUP	Admins	2	search	1494442679400	1494442682979	233	OK
GROUP	Admins	3	search	1494442679400	1494442683010	219	OK
REQUEST	Users	1	browse	Page 0	1494442682990	1494442683090	OK	 
REQUEST	Admins	2	browse	Page 0	1494442682993	1494442683096	OK	 
REQUEST	Admins	3	browse	Page 0	1494442683011	1494442683110	OK	 
REQUEST	Users	1	browse	Page 1	1494442684099	1494442684137	OK	 
REQUEST	Admins	2	browse	Page 1	1494442684099	1494442684138	OK	 
REQUEST	Admins	3	browse	Page 1	1494442684113	1494442684148	OK	 
USER	Users	4	START	1494442684219	1494442684219
REQUEST	Users	4	search	request_0	1494442684220	1494442684287	OK	 
REQUEST	Admins	2	browse	Page 2	1494442685160	1494442685415	OK	 
REQUEST	Users	1	browse	Page 2	1494442685163	1494442685420	OK	 
REQUEST	Users	4	search	search	1494442685300	1494442685561	OK	 
REQUEST	Admins	3	browse	Page 2	1494442685169	1494442685647	OK	 
REQUEST	Users	1	browse	Page 3	1494442686430	1494442686689	OK	 
REQUEST	Admins	2	browse	Page 3	1494442686450	1494442686692	OK	 
REQUEST	Users	4	search	select	1494442686570	1494442686830	OK	 
REQUEST	Admins	3	browse	Page 3	1494442686640	1494442686899	OK	 
REQUEST	Users	1	browse	Page 4	1494442687679	1494442687708	OK	 
REQUEST	Admins	2	browse	Page 4	1494442687700	1494442687733	OK	 
GROUP	Users	4	search	1494442684219	1494442687829	588	OK
REQUEST	Users	4	browse	Page 0	1494442687830	1494442687866	OK	 
REQUEST	Admins	3	browse	Page 4	1494442687900	1494442687933	OK	 
GROUP	Users	1	browse	1494442682970	1494442688709	683	OK
USER	Users	1	END	1494442679298	1494442688721
GROUP	Admins	2	browse	1494442682979	1494442688729	672	OK
REQUEST	Admins	2	edit	Form	1494442688730	1494442688891	OK	 
GROUP	Admins	3	browse	1494442683011	1494442688939	904	OK
REQUEST	Users	4	browse	Page 1	1494442688874	1494442688976	OK	 
REQUEST	Admins	3	edit	Form	1494442688940	1494442689034	OK	 
REQUEST	Admins	2	edit	Post	1494442689928	1494442690281	KO	status.find.is(200), but actually found 400
REQUEST	Users	4	browse	Page 2	1494442690002	1494442690545	OK	 
REQUEST	Admins	2	edit	Post	1494442690329	1494442690552	KO	status.find.is(200), but actually found 400
REQUEST	Admins	3	edit	Post	1494442690040	1494442690572	KO	status.find.is(201), but actually found 400
REQUEST	Admins	3	edit	Post	1494442690574	1494442690751	KO	status.find.is(201), but actually found 400
REQUEST	Admins	2	edit	Post	1494442690590	1494442690789	KO	status.find.is(200), but actually found 400
GROUP	Admins	2	edit	1494442688730	1494442690790	936	KO
USER	Admins	2	END	1494442679400	1494442690790
REQUEST	Admins	3	edit	Post	1494442690792	1494442691023	KO	status.find.is(200), but actually found 400
GROUP	Admins	3	edit	1494442688939	1494442691024	1034	KO
USER	Admins	3	END	1494442679400	1494442691026
REQUEST	Users	4	browse	Page 3	1494442691570	1494442691601	OK	 
REQUEST	Users	4	browse	Page 4	1494442692610	1494442692765	OK	 
GROUP	Users	4	browse	1494442687829	1494442693759	867	OK
USER	Users	4	END	1494442684219	1494442693759
