ASSERTION	AAMBAAIFAAAAAAAAAAAA
ASSERTION	AAMEAAEEAAAAAAAAAElABgAAAAAAAAA0QA==
RUN	gatling.GlobalSimulation	3	globalsimulation	1494450702464	 	2.0
USER	Users	1	START	1494450704335	1494450704335
USER	Admins	2	START	1494450704576	1494450704576
USER	Admins	3	START	1494450704580	1494450704580
REQUEST	Admins	2	browse	Page 0	1494450704577	1494450704663	OK	 
REQUEST	Users	1	browse	Page 0	1494450704524	1494450704640	OK	 
REQUEST	Admins	3	browse	Page 0	1494450704584	1494450704667	OK	 
REQUEST	Admins	2	browse	Page 1	1494450705696	1494450705722	OK	 
REQUEST	Users	1	browse	Page 1	1494450705715	1494450705742	OK	 
REQUEST	Admins	3	browse	Page 1	1494450705715	1494450705746	OK	 
REQUEST	Admins	2	browse	Page 2	1494450706715	1494450706748	OK	 
REQUEST	Users	1	browse	Page 2	1494450706748	1494450706784	OK	 
REQUEST	Admins	3	browse	Page 2	1494450706747	1494450706787	OK	 
REQUEST	Admins	2	browse	Page 3	1494450707775	1494450707805	OK	 
REQUEST	Admins	3	browse	Page 3	1494450707815	1494450707849	OK	 
REQUEST	Users	1	browse	Page 3	1494450707815	1494450707850	OK	 
REQUEST	Admins	2	browse	Page 4	1494450708815	1494450708844	OK	 
REQUEST	Admins	3	browse	Page 4	1494450708855	1494450708885	OK	 
REQUEST	Users	1	browse	Page 4	1494450708886	1494450708918	OK	 
USER	Users	4	START	1494450709315	1494450709315
REQUEST	Users	4	browse	Page 0	1494450709316	1494450709373	OK	 
GROUP	Admins	2	browse	1494450704576	1494450709845	204	OK
REQUEST	Admins	2	search	request_0	1494450709853	1494450709879	OK	 
GROUP	Admins	3	browse	1494450704580	1494450709885	218	OK
REQUEST	Admins	3	search	request_0	1494450709887	1494450709913	OK	 
GROUP	Users	1	browse	1494450704346	1494450709915	246	OK
REQUEST	Users	1	search	request_0	1494450709916	1494450709944	OK	 
REQUEST	Users	4	browse	Page 1	1494450710396	1494450710425	OK	 
REQUEST	Admins	3	search	search	1494450710915	1494450710943	OK	 
REQUEST	Users	1	search	search	1494450710955	1494450710982	OK	 
REQUEST	Admins	2	search	search	1494450710875	1494450710904	OK	 
REQUEST	Users	4	browse	Page 2	1494450711455	1494450711496	OK	 
REQUEST	Admins	2	search	select	1494450711907	1494450711934	OK	 
REQUEST	Admins	3	search	select	1494450711935	1494450711961	OK	 
REQUEST	Users	1	search	select	1494450711975	1494450712001	OK	 
REQUEST	Users	4	browse	Page 3	1494450712496	1494450712523	OK	 
GROUP	Admins	2	search	1494450709846	1494450712935	82	OK
REQUEST	Admins	2	edit	Form	1494450712936	1494450712962	OK	 
GROUP	Admins	3	search	1494450709886	1494450712964	80	OK
GROUP	Users	1	search	1494450709915	1494450712995	81	OK
REQUEST	Admins	3	edit	Form	1494450712965	1494450712998	OK	 
USER	Users	1	END	1494450704335	1494450713003
REQUEST	Users	4	browse	Page 4	1494450713515	1494450713543	OK	 
REQUEST	Admins	2	edit	Post	1494450713971	1494450714004	KO	status.find.is(201), but actually found 400
REQUEST	Admins	3	edit	Post	1494450714006	1494450714032	KO	status.find.is(200), but actually found 400
REQUEST	Admins	2	edit	Post	1494450714029	1494450714056	KO	status.find.is(201), but actually found 400
REQUEST	Admins	3	edit	Post	1494450714034	1494450714061	KO	status.find.is(201), but actually found 400
REQUEST	Admins	2	edit	Post	1494450714085	1494450714111	KO	status.find.is(200), but actually found 400
GROUP	Admins	2	edit	1494450712935	1494450714113	112	KO
USER	Admins	2	END	1494450704576	1494450714114
REQUEST	Admins	3	edit	Post	1494450714085	1494450714117	KO	status.find.is(200), but actually found 400
GROUP	Admins	3	edit	1494450712964	1494450714118	118	KO
USER	Admins	3	END	1494450704580	1494450714119
GROUP	Users	4	browse	1494450709315	1494450714545	182	OK
REQUEST	Users	4	search	request_0	1494450714546	1494450714572	OK	 
REQUEST	Users	4	search	search	1494450715575	1494450715606	OK	 
REQUEST	Users	4	search	select	1494450716606	1494450716702	OK	 
GROUP	Users	4	search	1494450714545	1494450717705	153	OK
USER	Users	4	END	1494450709315	1494450717705
