ASSERTION	AAMBAAIFAAAAAAAAAAAA
ASSERTION	AAMEAAEEAAAAAAAAAElABgAAAAAAAAA0QA==
RUN	gatling.GlobalSimulation		globalsimulation	1494428085468	null	2.0
USER	Users	1	START	1494428086788	1494428086788
USER	Admins	2	START	1494428086831	1494428086831
USER	Admins	3	START	1494428086832	1494428086832
REQUEST	Admins	3	search	request_0	1494428086893	1494428086940	OK	 
REQUEST	Admins	2	search	request_0	1494428086889	1494428086940	OK	 
REQUEST	Users	1	search	request_0	1494428086881	1494428086936	OK	 
REQUEST	Admins	2	search	search	1494428087965	1494428087991	OK	 
REQUEST	Admins	3	search	search	1494428087966	1494428087990	OK	 
REQUEST	Users	1	search	search	1494428087962	1494428087994	OK	 
REQUEST	Admins	3	search	select	1494428088986	1494428089003	OK	 
REQUEST	Admins	2	search	select	1494428088987	1494428089007	OK	 
REQUEST	Users	1	search	select	1494428088996	1494428089012	OK	 
GROUP	Admins	3	search	1494428086832	1494428090004	88	OK
GROUP	Admins	2	search	1494428086831	1494428090015	97	OK
GROUP	Users	1	search	1494428086802	1494428090016	103	OK
REQUEST	Admins	3	browse	Page 0	1494428090013	1494428090030	OK	 
REQUEST	Users	1	browse	Page 0	1494428090016	1494428090033	OK	 
REQUEST	Admins	2	browse	Page 0	1494428090015	1494428090034	OK	 
REQUEST	Admins	2	browse	Page 1	1494428091025	1494428091044	OK	 
REQUEST	Admins	3	browse	Page 1	1494428091038	1494428091056	OK	 
REQUEST	Users	1	browse	Page 1	1494428091055	1494428091075	OK	 
USER	Users	4	START	1494428091785	1494428091785
REQUEST	Users	4	search	request_0	1494428091786	1494428091823	OK	 
REQUEST	Admins	2	browse	Page 2	1494428092045	1494428092064	OK	 
REQUEST	Admins	3	browse	Page 2	1494428092055	1494428092071	OK	 
REQUEST	Users	1	browse	Page 2	1494428092075	1494428092095	OK	 
REQUEST	Users	4	search	search	1494428092845	1494428092863	OK	 
REQUEST	Admins	2	browse	Page 3	1494428093075	1494428093093	OK	 
REQUEST	Admins	3	browse	Page 3	1494428093096	1494428093113	OK	 
REQUEST	Users	1	browse	Page 3	1494428093135	1494428093153	OK	 
REQUEST	Users	4	search	select	1494428093855	1494428093873	OK	 
REQUEST	Admins	2	browse	Page 4	1494428094086	1494428094104	OK	 
REQUEST	Admins	3	browse	Page 4	1494428094115	1494428094132	OK	 
REQUEST	Users	1	browse	Page 4	1494428094186	1494428094202	OK	 
GROUP	Users	4	search	1494428091785	1494428094885	73	OK
REQUEST	Users	4	browse	Page 0	1494428094886	1494428094903	OK	 
GROUP	Admins	2	browse	1494428090015	1494428095115	93	OK
GROUP	Admins	3	browse	1494428090005	1494428095135	85	OK
REQUEST	Admins	2	edit	Form	1494428095116	1494428095139	OK	 
REQUEST	Admins	3	edit	Form	1494428095135	1494428095152	OK	 
GROUP	Users	1	browse	1494428090016	1494428095204	91	OK
USER	Users	1	END	1494428086788	1494428095209
REQUEST	Users	4	browse	Page 1	1494428095906	1494428095923	OK	 
REQUEST	Admins	3	edit	Post	1494428096155	1494428096175	KO	status.find.is(200), but actually found 400
REQUEST	Admins	2	edit	Post	1494428096148	1494428096176	KO	status.find.is(200), but actually found 400
REQUEST	Admins	3	edit	Post	1494428096200	1494428096216	KO	status.find.is(200), but actually found 400
REQUEST	Admins	2	edit	Post	1494428096206	1494428096224	KO	status.find.is(201), but actually found 400
REQUEST	Admins	3	edit	Post	1494428096245	1494428096261	KO	status.find.is(201), but actually found 400
GROUP	Admins	3	edit	1494428095135	1494428096264	69	KO
USER	Admins	3	END	1494428086832	1494428096265
REQUEST	Admins	2	edit	Post	1494428096256	1494428096275	KO	status.find.is(201), but actually found 400
GROUP	Admins	2	edit	1494428095116	1494428096277	88	KO
USER	Admins	2	END	1494428086831	1494428096279
REQUEST	Users	4	browse	Page 2	1494428096955	1494428096973	OK	 
REQUEST	Users	4	browse	Page 3	1494428098005	1494428098022	OK	 
REQUEST	Users	4	browse	Page 4	1494428099035	1494428099053	OK	 
GROUP	Users	4	browse	1494428094885	1494428100065	87	OK
USER	Users	4	END	1494428091785	1494428100065
