ASSERTION	AAMBAAIFAAAAAAAAAAAA
ASSERTION	AAMEAAEEAAAAAAAAAElABgAAAAAAAAA0QA==
RUN	gatling.GlobalSimulation		globalsimulation	1494427477571	null	2.0
USER	Users	1	START	1494427479220	1494427479220
USER	Admins	2	START	1494427479249	1494427479249
USER	Admins	3	START	1494427479253	1494427479253
REQUEST	Users	1		request_0	1494427479310	1494427479378	OK	 
REQUEST	Admins	2		request_0	1494427479325	1494427479380	OK	 
REQUEST	Admins	3		request_0	1494427479326	1494427479383	OK	 
REQUEST	Users	1		search	1494427480409	1494427480434	OK	 
REQUEST	Admins	2		search	1494427480406	1494427480439	OK	 
REQUEST	Admins	3		search	1494427480408	1494427480434	OK	 
REQUEST	Admins	2		select	1494427481437	1494427481456	OK	 
REQUEST	Admins	3		select	1494427481439	1494427481457	OK	 
REQUEST	Users	1		select	1494427481445	1494427481462	OK	 
REQUEST	Users	1		Page 0	1494427482475	1494427482492	OK	 
REQUEST	Admins	2		Page 0	1494427482476	1494427482499	OK	 
REQUEST	Admins	3		Page 0	1494427482478	1494427482496	OK	 
REQUEST	Users	1		Page 1	1494427483495	1494427483513	OK	 
REQUEST	Admins	2		Page 1	1494427483534	1494427483552	OK	 
REQUEST	Admins	3		Page 1	1494427483534	1494427483553	OK	 
USER	Users	4	START	1494427484194	1494427484194
REQUEST	Users	4		request_0	1494427484195	1494427484228	OK	 
REQUEST	Users	1		Page 2	1494427484505	1494427484523	OK	 
REQUEST	Admins	2		Page 2	1494427484546	1494427484564	OK	 
REQUEST	Admins	3		Page 2	1494427484555	1494427484574	OK	 
REQUEST	Users	4		search	1494427485245	1494427485263	OK	 
REQUEST	Users	1		Page 3	1494427485565	1494427485582	OK	 
REQUEST	Admins	2		Page 3	1494427485575	1494427485592	OK	 
REQUEST	Admins	3		Page 3	1494427485605	1494427485622	OK	 
REQUEST	Users	4		select	1494427486265	1494427486282	OK	 
REQUEST	Users	1		Page 4	1494427486615	1494427486633	OK	 
REQUEST	Admins	2		Page 4	1494427486615	1494427486633	OK	 
REQUEST	Admins	3		Page 4	1494427486645	1494427486662	OK	 
REQUEST	Users	4		Page 0	1494427487285	1494427487301	OK	 
REQUEST	Admins	2		Page 1	1494427487635	1494427487654	OK	 
REQUEST	Users	1		Page 1	1494427487635	1494427487654	OK	 
REQUEST	Admins	3		Page 1	1494427487656	1494427487676	OK	 
REQUEST	Users	4		Page 1	1494427488295	1494427488312	OK	 
REQUEST	Users	1		Page 2	1494427488645	1494427488662	OK	 
REQUEST	Admins	2		Page 2	1494427488655	1494427488672	OK	 
REQUEST	Admins	3		Page 2	1494427488685	1494427488702	OK	 
REQUEST	Users	4		Page 2	1494427489345	1494427489362	OK	 
REQUEST	Users	1		Page 3	1494427489665	1494427489682	OK	 
REQUEST	Admins	2		Page 3	1494427489675	1494427489691	OK	 
REQUEST	Admins	3		Page 3	1494427489695	1494427489711	OK	 
REQUEST	Users	4		Page 3	1494427490365	1494427490381	OK	 
USER	Users	1	END	1494427479220	1494427490693
REQUEST	Admins	2		Form	1494427490685	1494427490703	OK	 
REQUEST	Admins	3		Form	1494427490714	1494427490731	OK	 
REQUEST	Users	4		Page 4	1494427491414	1494427491430	OK	 
REQUEST	Admins	2		Post	1494427491719	1494427491744	KO	status.find.is(200), but actually found 400
REQUEST	Admins	3		Post	1494427491735	1494427491754	KO	status.find.is(200), but actually found 400
REQUEST	Admins	3		Post	1494427491772	1494427491789	KO	status.find.is(201), but actually found 400
REQUEST	Admins	2		Post	1494427491775	1494427491795	KO	status.find.is(201), but actually found 400
REQUEST	Admins	2		Post	1494427491825	1494427491843	KO	status.find.is(200), but actually found 400
USER	Admins	2	END	1494427479249	1494427491844
REQUEST	Admins	3		Post	1494427491825	1494427491845	KO	status.find.is(201), but actually found 400
USER	Admins	3	END	1494427479253	1494427491846
REQUEST	Users	4		Page 1	1494427492425	1494427492442	OK	 
REQUEST	Users	4		Page 2	1494427493445	1494427493461	OK	 
REQUEST	Users	4		Page 3	1494427494455	1494427494473	OK	 
USER	Users	4	END	1494427484194	1494427495474
